[debug] [2017-10-27T02:34:15.692Z] ----------------------------------------------------------------------
[debug] [2017-10-27T02:34:15.695Z] Command:       C:\Program Files\nodejs\node.exe C:\Users\rapha\AppData\Roaming\npm\node_modules\firebase-tools\bin\firebase init
[debug] [2017-10-27T02:34:15.695Z] CLI Version:   3.13.1
[debug] [2017-10-27T02:34:15.696Z] Platform:      win32
[debug] [2017-10-27T02:34:15.696Z] Node Version:  v6.11.4
[debug] [2017-10-27T02:34:15.696Z] Time:          Fri Oct 27 2017 00:34:15 GMT-0200 (E. South America Daylight Time)
[debug] [2017-10-27T02:34:15.696Z] ----------------------------------------------------------------------
[debug] 
[debug] [2017-10-27T02:34:15.704Z] > command requires scopes: ["email","openid","https://www.googleapis.com/auth/cloudplatformprojects.readonly","https://www.googleapis.com/auth/firebase"]
[debug] [2017-10-27T02:34:15.704Z] > authorizing via signed-in user
[info] 
     ######## #### ########  ######## ########     ###     ######  ########
     ##        ##  ##     ## ##       ##     ##  ##   ##  ##       ##
     ######    ##  ########  ######   ########  #########  ######  ######
     ##        ##  ##    ##  ##       ##     ## ##     ##       ## ##
     ##       #### ##     ## ######## ########  ##     ##  ######  ########

You're about to initialize a Firebase project in this directory:

  C:\Users\rapha\santaUTI2.0

[info] 
=== Project Setup
[info] 
[info] First, let's associate this project directory with a Firebase project.
[info] You can create multiple project aliases by running firebase use --add, 
[info] but for now we'll just set up a default project.
[info] 
[debug] [2017-10-27T02:34:18.842Z] > refreshing access token with scopes: ["email","https://www.googleapis.com/auth/cloudplatformprojects.readonly","https://www.googleapis.com/auth/firebase","openid"]
[debug] [2017-10-27T02:34:18.842Z] >>> HTTP REQUEST POST https://www.googleapis.com/oauth2/v3/token { refresh_token: '1/OTmcZ6UuoQzWoZTcGk2xUQ9E3fADz6YJ8BvU0zGLNU4',
  client_id: '563584335869-fgrhgmd47bqnekij5i8b5pr03ho849e6.apps.googleusercontent.com',
  client_secret: 'j9iVZfS8kkCEFUPaAeJV0sAi',
  grant_type: 'refresh_token',
  scope: 'email https://www.googleapis.com/auth/cloudplatformprojects.readonly https://www.googleapis.com/auth/firebase openid' } 
 Fri Oct 27 2017 00:34:18 GMT-0200 (E. South America Daylight Time)
[debug] [2017-10-27T02:34:19.279Z] <<< HTTP RESPONSE 200
[debug] [2017-10-27T02:34:19.326Z] >>> HTTP REQUEST GET https://admin.firebase.com/v1/projects  
 Fri Oct 27 2017 00:34:19 GMT-0200 (E. South America Daylight Time)
[debug] [2017-10-27T02:34:20.342Z] <<< HTTP RESPONSE 200
[info] 
=== Hosting Setup
[info] 
[info] Your public directory is the folder (relative to your project directory) that
[info] will contain Hosting assets to be uploaded with firebase deploy. If you
[info] have a build process for your assets, use your build's output directory.
[info] 
[debug] [2017-10-27T02:34:25.670Z] >>> HTTP REQUEST GET https://www.gstatic.com/firebasejs/releases.json  
 Fri Oct 27 2017 00:34:25 GMT-0200 (E. South America Daylight Time)
[debug] [2017-10-27T02:34:25.920Z] <<< HTTP RESPONSE 200
